<?xml version="1.0" encoding="UTF-8"?>
<testng-results ignored="0" total="4" passed="4" failed="0" skipped="0">
  <reporter-output>
  </reporter-output>
  <suite started-at="2023-02-15T20:09:46 EST" name="Suite" finished-at="2023-02-15T20:09:51 EST" duration-ms="4881">
    <groups>
    </groups>
    <test started-at="2023-02-15T20:09:46 EST" name="Test1" finished-at="2023-02-15T20:09:49 EST" duration-ms="2681">
      <class name="day8.CreateUser">
        <test-method signature="test_createUser(org.testng.ITestContext)[pri:0, instance:day8.CreateUser@7c729a55]" started-at="2023-02-15T20:09:46 EST" name="test_createUser" finished-at="2023-02-15T20:09:49 EST" duration-ms="2656" status="PASS">
          <params>
            <param index="0">
              <value>
                <![CDATA[org.testng.TestRunner@291caca8]]>
              </value>
            </param>
          </params>
          <reporter-output>
          </reporter-output>
        </test-method> <!-- test_createUser -->
      </class> <!-- day8.CreateUser -->
    </test> <!-- Test1 -->
    <test started-at="2023-02-15T20:09:49 EST" name="Test2" finished-at="2023-02-15T20:09:50 EST" duration-ms="1106">
      <class name="day8.GetUser">
        <test-method signature="test_getUser(org.testng.ITestContext)[pri:0, instance:day8.GetUser@7d8995e]" started-at="2023-02-15T20:09:49 EST" name="test_getUser" finished-at="2023-02-15T20:09:50 EST" duration-ms="1103" status="PASS">
          <params>
            <param index="0">
              <value>
                <![CDATA[org.testng.TestRunner@af9dd34]]>
              </value>
            </param>
          </params>
          <reporter-output>
          </reporter-output>
        </test-method> <!-- test_getUser -->
      </class> <!-- day8.GetUser -->
    </test> <!-- Test2 -->
    <test started-at="2023-02-15T20:09:50 EST" name="Test3" finished-at="2023-02-15T20:09:51 EST" duration-ms="519">
      <class name="day8.UpdateUser">
        <test-method signature="test_updateUser(org.testng.ITestContext)[pri:0, instance:day8.UpdateUser@6aeb35e6]" started-at="2023-02-15T20:09:50 EST" name="test_updateUser" finished-at="2023-02-15T20:09:51 EST" duration-ms="515" status="PASS">
          <params>
            <param index="0">
              <value>
                <![CDATA[org.testng.TestRunner@2168def]]>
              </value>
            </param>
          </params>
          <reporter-output>
          </reporter-output>
        </test-method> <!-- test_updateUser -->
      </class> <!-- day8.UpdateUser -->
    </test> <!-- Test3 -->
    <test started-at="2023-02-15T20:09:51 EST" name="Test4" finished-at="2023-02-15T20:09:51 EST" duration-ms="530">
      <class name="day8.DeleteUser">
        <test-method signature="test_deleteUser(org.testng.ITestContext)[pri:0, instance:day8.DeleteUser@409bf450]" started-at="2023-02-15T20:09:51 EST" name="test_deleteUser" finished-at="2023-02-15T20:09:51 EST" duration-ms="527" status="PASS">
          <params>
            <param index="0">
              <value>
                <![CDATA[org.testng.TestRunner@623ed5ed]]>
              </value>
            </param>
          </params>
          <reporter-output>
          </reporter-output>
        </test-method> <!-- test_deleteUser -->
      </class> <!-- day8.DeleteUser -->
    </test> <!-- Test4 -->
  </suite> <!-- Suite -->
</testng-results>
