<?xml version="1.0" encoding="UTF-8"?>
<!-- Generated by org.testng.reporters.JUnitXMLReporter -->
<testsuite ignored="0" hostname="Sunita" failures="0" tests="4" name="Test" time="3.969" errors="0" timestamp="2023-02-15T19:56:36 EST">
  <testcase classname="day8.CreateUser" name="test_createUser" time="2.003"/>
  <testcase classname="day8.GetUser" name="test_getUser" time="0.424"/>
  <testcase classname="day8.UpdateUser" name="test_updateUser" time="1.03"/>
  <testcase classname="day8.DeleteUser" name="test_deleteUser" time="0.47"/>
</testsuite> <!-- Test -->
